<?xml version="1.0" encoding="UTF-8"?>
<testsuite name="ProductTest" tests="1" skipped="0" failures="0" errors="0" timestamp="2021-02-12T11:46:46" hostname="DESKTOP-J2P0NSU" time="0.565">
  <properties/>
  <testcase name="getPriceForStocks()" classname="ProductTest" time="0.565"/>
  <system-out><![CDATA[]]></system-out>
  <system-err><![CDATA[]]></system-err>
</testsuite>
